

Microchip MPLAB XC8 Assembler V2.32 build 20210201212658 
                                                                                               Sat Apr 10 08:39:10 2021

Microchip MPLAB XC8 C Compiler v2.32 (Free license) build 20210201212658 Og1 
     1                           	processor	12F683
     2                           	pagewidth 120
     3                           	opt	flic
     4                           	psect	cinit,global,class=CODE,merge=1,delta=2
     5                           	psect	cstackCOMMON,global,class=COMMON,space=1,delta=1,noexec
     6                           	psect	maintext,global,class=CODE,split=1,delta=2
     7                           	psect	config,global,abs,ovrld,class=CONFIG,space=4,delta=2,noexec
     8                           	dabs	1,0x7E,2
     9  0000                     
    10                           ; Version 2.20
    11                           ; Generated 29/04/2020 GMT
    12                           ; 
    13                           ; Copyright © 2020, Microchip Technology Inc. and its subsidiaries ("Microchip")
    14                           ; All rights reserved.
    15                           ; 
    16                           ; This software is developed by Microchip Technology Inc. and its subsidiaries ("Microch
      +                          ip").
    17                           ; 
    18                           ; Redistribution and use in source and binary forms, with or without modification, are
    19                           ; permitted provided that the following conditions are met:
    20                           ; 
    21                           ;     1. Redistributions of source code must retain the above copyright notice, this lis
      +                          t of
    22                           ;        conditions and the following disclaimer.
    23                           ; 
    24                           ;     2. Redistributions in binary form must reproduce the above copyright notice, this 
      +                          list
    25                           ;        of conditions and the following disclaimer in the documentation and/or other
    26                           ;        materials provided with the distribution.
    27                           ; 
    28                           ;     3. Microchip's name may not be used to endorse or promote products derived from th
      +                          is
    29                           ;        software without specific prior written permission.
    30                           ; 
    31                           ; THIS SOFTWARE IS PROVIDED BY MICROCHIP "AS IS" AND ANY EXPRESS OR IMPLIED WARRANTIES,
    32                           ; INCLUDING, BUT NOT LIMITED TO, THE IMPLIED WARRANTIES OF MERCHANTABILITY AND FITNESS F
      +                          OR
    33                           ; PURPOSE ARE DISCLAIMED.  IN NO EVENT SHALL MICROCHIP BE LIABLE FOR ANY DIRECT, INDIREC
      +                          T,
    34                           ; INCIDENTAL, SPECIAL, EXEMPLARY, OR CONSEQUENTIAL DAMAGES (INCLUDING BUT NOT LIMITED TO
    35                           ; PROCUREMENT OF SUBSTITUTE GOODS OR SERVICES; LOSS OF USE, DATA OR PROFITS; OR BUSINESS
    36                           ; INTERRUPTION) HOWSOEVER CAUSED AND ON ANY THEORY OF LIABILITY, WHETHER IN CONTRACT, ST
      +                          RICT
    37                           ; LIABILITY, OR TORT (INCLUDING NEGLIGENCE OR OTHERWISE) ARISING IN ANY WAY OUT OF THE U
      +                          SE OF
    38                           ; THIS SOFTWARE, EVEN IF ADVISED OF THE POSSIBILITY OF SUCH DAMAGE.
    39                           ; 
    40                           ; 
    41                           ; Code-generator required, PIC12F683 Definitions
    42                           ; 
    43                           ; SFR Addresses
    44  0000                     	;# 
    45  0001                     	;# 
    46  0002                     	;# 
    47  0003                     	;# 
    48  0004                     	;# 
    49  0005                     	;# 
    50  000A                     	;# 
    51  000B                     	;# 
    52  000C                     	;# 
    53  000E                     	;# 
    54  000E                     	;# 
    55  000F                     	;# 
    56  0010                     	;# 
    57  0011                     	;# 
    58  0012                     	;# 
    59  0013                     	;# 
    60  0013                     	;# 
    61  0014                     	;# 
    62  0015                     	;# 
    63  0018                     	;# 
    64  0019                     	;# 
    65  001A                     	;# 
    66  001E                     	;# 
    67  001F                     	;# 
    68  0081                     	;# 
    69  0085                     	;# 
    70  008C                     	;# 
    71  008E                     	;# 
    72  008F                     	;# 
    73  0090                     	;# 
    74  0092                     	;# 
    75  0095                     	;# 
    76  0095                     	;# 
    77  0096                     	;# 
    78  0096                     	;# 
    79  0099                     	;# 
    80  009A                     	;# 
    81  009A                     	;# 
    82  009B                     	;# 
    83  009C                     	;# 
    84  009D                     	;# 
    85  009E                     	;# 
    86  009F                     	;# 
    87  0000                     	;# 
    88  0001                     	;# 
    89  0002                     	;# 
    90  0003                     	;# 
    91  0004                     	;# 
    92  0005                     	;# 
    93  000A                     	;# 
    94  000B                     	;# 
    95  000C                     	;# 
    96  000E                     	;# 
    97  000E                     	;# 
    98  000F                     	;# 
    99  0010                     	;# 
   100  0011                     	;# 
   101  0012                     	;# 
   102  0013                     	;# 
   103  0013                     	;# 
   104  0014                     	;# 
   105  0015                     	;# 
   106  0018                     	;# 
   107  0019                     	;# 
   108  001A                     	;# 
   109  001E                     	;# 
   110  001F                     	;# 
   111  0081                     	;# 
   112  0085                     	;# 
   113  008C                     	;# 
   114  008E                     	;# 
   115  008F                     	;# 
   116  0090                     	;# 
   117  0092                     	;# 
   118  0095                     	;# 
   119  0095                     	;# 
   120  0096                     	;# 
   121  0096                     	;# 
   122  0099                     	;# 
   123  009A                     	;# 
   124  009A                     	;# 
   125  009B                     	;# 
   126  009C                     	;# 
   127  009D                     	;# 
   128  009E                     	;# 
   129  009F                     	;# 
   130  0005                     _GPIObits	set	5
   131  0085                     _TRISIObits	set	133
   132                           
   133                           	psect	cinit
   134  07FE                     start_initialization:	
   135                           ; #config settings
   136                           
   137  07FE                     __initialization:
   138  07FE                     end_of_initialization:	
   139                           ;End of C runtime variable initialization code
   140                           
   141  07FE                     __end_of__initialization:
   142  07FE  0183               	clrf	3
   143  07FF  2FDC               	ljmp	_main	;jump to C main() function
   144                           
   145                           	psect	cstackCOMMON
   146  0070                     __pcstackCOMMON:
   147  0070                     ?_main:
   148  0070                     ??_main:	
   149                           ; 1 bytes @ 0x0
   150                           
   151                           
   152                           ; 1 bytes @ 0x0
   153  0070                     	ds	3
   154                           
   155                           	psect	maintext
   156  07DC                     __pmaintext:	
   157 ;;
   158 ;;Main: autosize = 0, tempsize = 3, incstack = 0, save=0
   159 ;;
   160 ;; *************** function _main *****************
   161 ;; Defined at:
   162 ;;		line 14 in file "main.c"
   163 ;; Parameters:    Size  Location     Type
   164 ;;		None
   165 ;; Auto vars:     Size  Location     Type
   166 ;;		None
   167 ;; Return value:  Size  Location     Type
   168 ;;                  1    wreg      void 
   169 ;; Registers used:
   170 ;;		wreg
   171 ;; Tracked objects:
   172 ;;		On entry : B00/0
   173 ;;		On exit  : 0/0
   174 ;;		Unchanged: 0/0
   175 ;; Data sizes:     COMMON   BANK0   BANK1
   176 ;;      Params:         0       0       0
   177 ;;      Locals:         0       0       0
   178 ;;      Temps:          3       0       0
   179 ;;      Totals:         3       0       0
   180 ;;Total ram usage:        3 bytes
   181 ;; This function calls:
   182 ;;		Nothing
   183 ;; This function is called by:
   184 ;;		Startup code after reset
   185 ;; This function uses a non-reentrant model
   186 ;;
   187                           
   188                           
   189                           ;psect for function _main
   190  07DC                     _main:
   191  07DC                     l606:	
   192                           ;incstack = 0
   193                           ; Regs used in _main: [wreg]
   194                           
   195  07DC  1683               	bsf	3,5	;RP0=1, select bank1
   196  07DD  1105               	bcf	5,2	;volatile
   197  07DE                     l11:
   198  07DE  1283               	bcf	3,5	;RP0=0, select bank0
   199  07DF  1505               	bsf	5,2	;volatile
   200  07E0                     l608:
   201  07E0  3002               	movlw	2
   202  07E1  00F2               	movwf	??_main+2
   203  07E2  3045               	movlw	69
   204  07E3  00F1               	movwf	??_main+1
   205  07E4  30A9               	movlw	169
   206  07E5  00F0               	movwf	??_main
   207  07E6                     u17:
   208  07E6  0BF0               	decfsz	??_main,f
   209  07E7  2FE6               	goto	u17
   210  07E8  0BF1               	decfsz	??_main+1,f
   211  07E9  2FE6               	goto	u17
   212  07EA  0BF2               	decfsz	??_main+2,f
   213  07EB  2FE6               	goto	u17
   214  07EC  2FED               	nop2
   215  07ED                     l610:
   216  07ED  1283               	bcf	3,5	;RP0=0, select bank0
   217  07EE  1105               	bcf	5,2	;volatile
   218  07EF  3002               	movlw	2
   219  07F0  00F2               	movwf	??_main+2
   220  07F1  3045               	movlw	69
   221  07F2  00F1               	movwf	??_main+1
   222  07F3  30A9               	movlw	169
   223  07F4  00F0               	movwf	??_main
   224  07F5                     u27:
   225  07F5  0BF0               	decfsz	??_main,f
   226  07F6  2FF5               	goto	u27
   227  07F7  0BF1               	decfsz	??_main+1,f
   228  07F8  2FF5               	goto	u27
   229  07F9  0BF2               	decfsz	??_main+2,f
   230  07FA  2FF5               	goto	u27
   231  07FB  2FFC               	nop2
   232  07FC  2FDE               	goto	l11
   233  07FD  2800               	ljmp	start
   234  07FE                     __end_of_main:
   235  007E                     btemp	set	126	;btemp
   236  007E                     wtemp0	set	126
   237                           
   238                           	psect	config
   239                           
   240                           ;Config register CONFIG @ 0x2007
   241                           ;	Oscillator Selection bits
   242                           ;	FOSC = 0x7, unprogrammed default
   243                           ;	Watchdog Timer Enable bit
   244                           ;	WDTE = OFF, WDT disabled
   245                           ;	Power-up Timer Enable bit
   246                           ;	PWRTE = 0x1, unprogrammed default
   247                           ;	MCLR Pin Function Select bit
   248                           ;	MCLRE = 0x1, unprogrammed default
   249                           ;	Code Protection bit
   250                           ;	CP = 0x1, unprogrammed default
   251                           ;	Data Code Protection bit
   252                           ;	CPD = 0x1, unprogrammed default
   253                           ;	Brown Out Detect
   254                           ;	BOREN = 0x3, unprogrammed default
   255                           ;	Internal External Switchover bit
   256                           ;	IESO = 0x1, unprogrammed default
   257                           ;	Fail-Safe Clock Monitor Enabled bit
   258                           ;	FCMEN = 0x1, unprogrammed default
   259  2007                     	org	8199
   260  2007  3FF7               	dw	16375

Data Sizes:
    Strings     0
    Constant    0
    Data        0
    BSS         0
    Persistent  0
    Stack       0

Auto Spaces:
    Space          Size  Autos    Used
    COMMON           14      3       3
    BANK0            80      0       0
    BANK1            32      0       0

Pointer List with Targets:

    None.

Critical Paths under _main in COMMON

    None.

Critical Paths under _main in BANK0

    None.

Critical Paths under _main in BANK1

    None.

Call Graph Tables:

 ---------------------------------------------------------------------------------
 (Depth) Function   	        Calls       Base Space   Used Autos Params    Refs
 ---------------------------------------------------------------------------------
 (0) _main                                                 3     3      0       0
                                              0 COMMON     3     3      0
 ---------------------------------------------------------------------------------
 Estimated maximum stack depth 0
 ---------------------------------------------------------------------------------

 Call Graph Graphs:

 _main (ROOT)

 Address spaces:
Name               Size   Autos  Total    Cost      Usage
BITCOMMON            E      0       0       0        0.0%
EEDATA             100      0       0       0        0.0%
NULL                 0      0       0       0        0.0%
CODE                 0      0       0       0        0.0%
COMMON               E      3       3       1       21.4%
BITSFR0              0      0       0       1        0.0%
SFR0                 0      0       0       1        0.0%
BITSFR1              0      0       0       2        0.0%
SFR1                 0      0       0       2        0.0%
STACK                0      0       0       2        0.0%
BITBANK0            50      0       0       3        0.0%
BANK0               50      0       0       4        0.0%
BANK1               20      0       0       5        0.0%
ABS                  0      0       0       6        0.0%
BITBANK1            20      0       0       7        0.0%
DATA                 0      0       0       8        0.0%


Microchip Technology PIC Macro Assembler V2.32 build 20210201212658 
Symbol Table                                                                                   Sat Apr 10 08:39:10 2021

                     l11 07DE                       u17 07E6                       u27 07F5  
                    l610 07ED                      l606 07DC                      l608 07E0  
                   _main 07DC                     btemp 007E                     start 0000  
                  ?_main 0070                    status 0003                    wtemp0 007E  
        __initialization 07FE             __end_of_main 07FE                   ??_main 0070  
__end_of__initialization 07FE           __pcstackCOMMON 0070               __pmaintext 07DC  
   end_of_initialization 07FE      start_initialization 07FE                ___latbits 0000  
               _GPIObits 0005            __size_of_main 0022               _TRISIObits 0085  
